{"C:\\Users\\pietr\\tallerIng\\app.js": {"path":"C:\\Users\\pietr\\tallerIng\\app.js","statementMap":{"0":{"start":{"line":6,"column":14},"end":{"line":6,"column":46}},"1":{"start":{"line":7,"column":17},"end":{"line":7,"column":47}},"2":{"start":{"line":10,"column":18},"end":{"line":16,"column":1}},"3":{"start":{"line":18,"column":17},"end":{"line":25,"column":1}},"4":{"start":{"line":28,"column":20},"end":{"line":28,"column":58}},"5":{"start":{"line":29,"column":0},"end":{"line":33,"column":1}},"6":{"start":{"line":30,"column":2},"end":{"line":32,"column":5}},"7":{"start":{"line":31,"column":4},"end":{"line":31,"column":42}},"8":{"start":{"line":36,"column":25},"end":{"line":36,"column":66}},"9":{"start":{"line":37,"column":24},"end":{"line":37,"column":64}},"10":{"start":{"line":39,"column":2},"end":{"line":54,"column":3}},"11":{"start":{"line":40,"column":4},"end":{"line":40,"column":34}},"12":{"start":{"line":41,"column":24},"end":{"line":41,"column":56}},"13":{"start":{"line":42,"column":4},"end":{"line":42,"column":27}},"14":{"start":{"line":43,"column":4},"end":{"line":43,"column":55}},"15":{"start":{"line":44,"column":4},"end":{"line":44,"column":32}},"16":{"start":{"line":45,"column":4},"end":{"line":45,"column":32}},"17":{"start":{"line":46,"column":4},"end":{"line":46,"column":44}},"18":{"start":{"line":48,"column":4},"end":{"line":53,"column":7}},"19":{"start":{"line":49,"column":21},"end":{"line":49,"column":53}},"20":{"start":{"line":50,"column":6},"end":{"line":50,"column":45}},"21":{"start":{"line":51,"column":6},"end":{"line":51,"column":78}},"22":{"start":{"line":52,"column":6},"end":{"line":52,"column":41}},"23":{"start":{"line":56,"column":2},"end":{"line":71,"column":3}},"24":{"start":{"line":57,"column":4},"end":{"line":57,"column":33}},"25":{"start":{"line":58,"column":24},"end":{"line":58,"column":56}},"26":{"start":{"line":59,"column":4},"end":{"line":59,"column":27}},"27":{"start":{"line":60,"column":4},"end":{"line":60,"column":54}},"28":{"start":{"line":61,"column":4},"end":{"line":61,"column":32}},"29":{"start":{"line":62,"column":4},"end":{"line":62,"column":32}},"30":{"start":{"line":63,"column":4},"end":{"line":63,"column":43}},"31":{"start":{"line":65,"column":4},"end":{"line":70,"column":7}},"32":{"start":{"line":66,"column":21},"end":{"line":66,"column":53}},"33":{"start":{"line":67,"column":6},"end":{"line":67,"column":61}},"34":{"start":{"line":68,"column":6},"end":{"line":68,"column":93}},"35":{"start":{"line":69,"column":6},"end":{"line":69,"column":40}},"36":{"start":{"line":74,"column":0},"end":{"line":76,"column":1}},"37":{"start":{"line":75,"column":2},"end":{"line":75,"column":16}},"38":{"start":{"line":81,"column":20},"end":{"line":81,"column":58}},"39":{"start":{"line":82,"column":0},"end":{"line":84,"column":1}},"40":{"start":{"line":83,"column":2},"end":{"line":83,"column":27}},"41":{"start":{"line":88,"column":22},"end":{"line":88,"column":60}},"42":{"start":{"line":89,"column":2},"end":{"line":89,"column":27}},"43":{"start":{"line":89,"column":20},"end":{"line":89,"column":27}},"44":{"start":{"line":91,"column":2},"end":{"line":91,"column":29}},"45":{"start":{"line":93,"column":2},"end":{"line":96,"column":3}},"46":{"start":{"line":94,"column":4},"end":{"line":94,"column":68}},"47":{"start":{"line":95,"column":4},"end":{"line":95,"column":11}},"48":{"start":{"line":98,"column":3},"end":{"line":150,"column":5}},"49":{"start":{"line":101,"column":20},"end":{"line":101,"column":52}},"50":{"start":{"line":102,"column":20},"end":{"line":102,"column":52}},"51":{"start":{"line":103,"column":6},"end":{"line":103,"column":27}},"52":{"start":{"line":106,"column":17},"end":{"line":106,"column":45}},"53":{"start":{"line":107,"column":6},"end":{"line":107,"column":36}},"54":{"start":{"line":109,"column":22},"end":{"line":109,"column":51}},"55":{"start":{"line":110,"column":4},"end":{"line":110,"column":43}},"56":{"start":{"line":112,"column":23},"end":{"line":112,"column":51}},"57":{"start":{"line":113,"column":4},"end":{"line":113,"column":44}},"58":{"start":{"line":114,"column":4},"end":{"line":114,"column":51}},"59":{"start":{"line":116,"column":24},"end":{"line":116,"column":54}},"60":{"start":{"line":117,"column":4},"end":{"line":117,"column":43}},"61":{"start":{"line":118,"column":4},"end":{"line":118,"column":67}},"62":{"start":{"line":120,"column":4},"end":{"line":120,"column":38}},"63":{"start":{"line":121,"column":4},"end":{"line":121,"column":39}},"64":{"start":{"line":123,"column":23},"end":{"line":123,"column":52}},"65":{"start":{"line":124,"column":4},"end":{"line":124,"column":45}},"66":{"start":{"line":126,"column":22},"end":{"line":126,"column":51}},"67":{"start":{"line":127,"column":4},"end":{"line":127,"column":42}},"68":{"start":{"line":128,"column":4},"end":{"line":128,"column":65}},"69":{"start":{"line":130,"column":22},"end":{"line":130,"column":51}},"70":{"start":{"line":131,"column":4},"end":{"line":131,"column":42}},"71":{"start":{"line":132,"column":4},"end":{"line":132,"column":60}},"72":{"start":{"line":134,"column":23},"end":{"line":134,"column":52}},"73":{"start":{"line":135,"column":4},"end":{"line":135,"column":44}},"74":{"start":{"line":136,"column":4},"end":{"line":136,"column":65}},"75":{"start":{"line":138,"column":22},"end":{"line":138,"column":51}},"76":{"start":{"line":139,"column":4},"end":{"line":139,"column":39}},"77":{"start":{"line":140,"column":4},"end":{"line":140,"column":50}},"78":{"start":{"line":142,"column":4},"end":{"line":142,"column":38}},"79":{"start":{"line":143,"column":4},"end":{"line":143,"column":38}},"80":{"start":{"line":144,"column":4},"end":{"line":144,"column":39}},"81":{"start":{"line":145,"column":4},"end":{"line":145,"column":38}},"82":{"start":{"line":147,"column":4},"end":{"line":147,"column":30}},"83":{"start":{"line":148,"column":4},"end":{"line":148,"column":31}},"84":{"start":{"line":149,"column":4},"end":{"line":149,"column":32}},"85":{"start":{"line":154,"column":16},"end":{"line":154,"column":54}},"86":{"start":{"line":155,"column":15},"end":{"line":155,"column":58}},"87":{"start":{"line":156,"column":24},"end":{"line":156,"column":70}},"88":{"start":{"line":157,"column":21},"end":{"line":157,"column":71}},"89":{"start":{"line":158,"column":22},"end":{"line":158,"column":73}},"90":{"start":{"line":159,"column":24},"end":{"line":159,"column":77}},"91":{"start":{"line":160,"column":19},"end":{"line":160,"column":66}},"92":{"start":{"line":162,"column":2},"end":{"line":164,"column":3}},"93":{"start":{"line":163,"column":4},"end":{"line":163,"column":17}},"94":{"start":{"line":166,"column":23},"end":{"line":166,"column":112}},"95":{"start":{"line":167,"column":2},"end":{"line":167,"column":35}},"96":{"start":{"line":168,"column":2},"end":{"line":168,"column":66}},"97":{"start":{"line":169,"column":2},"end":{"line":169,"column":54}},"98":{"start":{"line":170,"column":2},"end":{"line":170,"column":51}},"99":{"start":{"line":171,"column":2},"end":{"line":171,"column":52}},"100":{"start":{"line":172,"column":2},"end":{"line":172,"column":46}},"101":{"start":{"line":173,"column":2},"end":{"line":173,"column":14}}},"fnMap":{"0":{"name":"(anonymous_0)","decl":{"start":{"line":30,"column":40},"end":{"line":30,"column":41}},"loc":{"start":{"line":30,"column":46},"end":{"line":32,"column":3}},"line":30},"1":{"name":"loadSelects","decl":{"start":{"line":35,"column":9},"end":{"line":35,"column":20}},"loc":{"start":{"line":35,"column":23},"end":{"line":72,"column":1}},"line":35},"2":{"name":"(anonymous_2)","decl":{"start":{"line":48,"column":22},"end":{"line":48,"column":23}},"loc":{"start":{"line":48,"column":34},"end":{"line":53,"column":5}},"line":48},"3":{"name":"(anonymous_3)","decl":{"start":{"line":65,"column":21},"end":{"line":65,"column":22}},"loc":{"start":{"line":65,"column":32},"end":{"line":70,"column":5}},"line":65},"4":{"name":"renderBookings","decl":{"start":{"line":87,"column":9},"end":{"line":87,"column":23}},"loc":{"start":{"line":87,"column":34},"end":{"line":151,"column":1}},"line":87},"5":{"name":"(anonymous_5)","decl":{"start":{"line":100,"column":10},"end":{"line":100,"column":11}},"loc":{"start":{"line":100,"column":20},"end":{"line":104,"column":5}},"line":100},"6":{"name":"(anonymous_6)","decl":{"start":{"line":105,"column":13},"end":{"line":105,"column":14}},"loc":{"start":{"line":105,"column":31},"end":{"line":150,"column":3}},"line":105},"7":{"name":"reserva","decl":{"start":{"line":153,"column":16},"end":{"line":153,"column":23}},"loc":{"start":{"line":153,"column":39},"end":{"line":174,"column":1}},"line":153}},"branchMap":{"0":{"loc":{"start":{"line":7,"column":17},"end":{"line":7,"column":47}},"type":"cond-expr","locations":[{"start":{"line":7,"column":25},"end":{"line":7,"column":42}},{"start":{"line":7,"column":45},"end":{"line":7,"column":47}}],"line":7},"1":{"loc":{"start":{"line":29,"column":0},"end":{"line":33,"column":1}},"type":"if","locations":[{"start":{"line":29,"column":0},"end":{"line":33,"column":1}},{"start":{},"end":{}}],"line":29},"2":{"loc":{"start":{"line":39,"column":2},"end":{"line":54,"column":3}},"type":"if","locations":[{"start":{"line":39,"column":2},"end":{"line":54,"column":3}},{"start":{},"end":{}}],"line":39},"3":{"loc":{"start":{"line":56,"column":2},"end":{"line":71,"column":3}},"type":"if","locations":[{"start":{"line":56,"column":2},"end":{"line":71,"column":3}},{"start":{},"end":{}}],"line":56},"4":{"loc":{"start":{"line":74,"column":0},"end":{"line":76,"column":1}},"type":"if","locations":[{"start":{"line":74,"column":0},"end":{"line":76,"column":1}},{"start":{},"end":{}}],"line":74},"5":{"loc":{"start":{"line":74,"column":4},"end":{"line":74,"column":89}},"type":"binary-expr","locations":[{"start":{"line":74,"column":4},"end":{"line":74,"column":45}},{"start":{"line":74,"column":49},"end":{"line":74,"column":89}}],"line":74},"6":{"loc":{"start":{"line":82,"column":0},"end":{"line":84,"column":1}},"type":"if","locations":[{"start":{"line":82,"column":0},"end":{"line":84,"column":1}},{"start":{},"end":{}}],"line":82},"7":{"loc":{"start":{"line":89,"column":2},"end":{"line":89,"column":27}},"type":"if","locations":[{"start":{"line":89,"column":2},"end":{"line":89,"column":27}},{"start":{},"end":{}}],"line":89},"8":{"loc":{"start":{"line":93,"column":2},"end":{"line":96,"column":3}},"type":"if","locations":[{"start":{"line":93,"column":2},"end":{"line":96,"column":3}},{"start":{},"end":{}}],"line":93},"9":{"loc":{"start":{"line":162,"column":2},"end":{"line":164,"column":3}},"type":"if","locations":[{"start":{"line":162,"column":2},"end":{"line":164,"column":3}},{"start":{},"end":{}}],"line":162},"10":{"loc":{"start":{"line":162,"column":6},"end":{"line":162,"column":101}},"type":"binary-expr","locations":[{"start":{"line":162,"column":6},"end":{"line":162,"column":12}},{"start":{"line":162,"column":16},"end":{"line":162,"column":21}},{"start":{"line":162,"column":25},"end":{"line":162,"column":39}},{"start":{"line":162,"column":43},"end":{"line":162,"column":54}},{"start":{"line":162,"column":58},"end":{"line":162,"column":70}},{"start":{"line":162,"column":74},"end":{"line":162,"column":88}},{"start":{"line":162,"column":92},"end":{"line":162,"column":101}}],"line":162}},"s":{"0":1,"1":1,"2":1,"3":1,"4":1,"5":1,"6":0,"7":0,"8":2,"9":2,"10":2,"11":2,"12":2,"13":2,"14":2,"15":2,"16":2,"17":2,"18":2,"19":10,"20":10,"21":10,"22":10,"23":2,"24":2,"25":2,"26":2,"27":2,"28":2,"29":2,"30":2,"31":2,"32":12,"33":12,"34":12,"35":12,"36":1,"37":0,"38":1,"39":1,"40":0,"41":3,"42":3,"43":0,"44":3,"45":3,"46":1,"47":1,"48":2,"49":1,"50":1,"51":1,"52":3,"53":3,"54":3,"55":3,"56":3,"57":3,"58":3,"59":3,"60":3,"61":3,"62":3,"63":3,"64":3,"65":3,"66":3,"67":3,"68":3,"69":3,"70":3,"71":3,"72":3,"73":3,"74":3,"75":3,"76":3,"77":3,"78":3,"79":3,"80":3,"81":3,"82":3,"83":3,"84":3,"85":8,"86":8,"87":8,"88":8,"89":8,"90":8,"91":8,"92":8,"93":2,"94":6,"95":6,"96":6,"97":6,"98":6,"99":6,"100":6,"101":6},"f":{"0":0,"1":2,"2":10,"3":12,"4":3,"5":1,"6":3,"7":8},"b":{"0":[0,1],"1":[0,1],"2":[2,0],"3":[2,0],"4":[0,1],"5":[1,0],"6":[0,1],"7":[0,3],"8":[1,2],"9":[2,6],"10":[8,7,7,7,7,7,6]},"_coverageSchema":"1a1c01bbd47fc00a2c39e90264f33305004495a9","hash":"e2b7d7b617084d0d0f0289d91e6734b22d655167"}
,"C:\\Users\\pietr\\tallerIng\\classes\\barbero.js": {"path":"C:\\Users\\pietr\\tallerIng\\classes\\barbero.js","statementMap":{"0":{"start":{"line":3,"column":6},"end":{"line":3,"column":27}},"1":{"start":{"line":4,"column":6},"end":{"line":4,"column":31}},"2":{"start":{"line":5,"column":6},"end":{"line":5,"column":39}}},"fnMap":{"0":{"name":"(anonymous_0)","decl":{"start":{"line":2,"column":4},"end":{"line":2,"column":5}},"loc":{"start":{"line":2,"column":48},"end":{"line":6,"column":5}},"line":2}},"branchMap":{},"s":{"0":6,"1":6,"2":6},"f":{"0":6},"b":{},"_coverageSchema":"1a1c01bbd47fc00a2c39e90264f33305004495a9","hash":"2046394fb67d870c3093cc8259bb8c048f8a1c9f"}
,"C:\\Users\\pietr\\tallerIng\\classes\\reserva.js": {"path":"C:\\Users\\pietr\\tallerIng\\classes\\reserva.js","statementMap":{"0":{"start":{"line":3,"column":4},"end":{"line":3,"column":23}},"1":{"start":{"line":4,"column":4},"end":{"line":4,"column":21}},"2":{"start":{"line":5,"column":4},"end":{"line":5,"column":29}},"3":{"start":{"line":6,"column":4},"end":{"line":6,"column":39}},"4":{"start":{"line":7,"column":4},"end":{"line":7,"column":41}},"5":{"start":{"line":8,"column":4},"end":{"line":8,"column":35}},"6":{"start":{"line":9,"column":4},"end":{"line":9,"column":39}}},"fnMap":{"0":{"name":"(anonymous_0)","decl":{"start":{"line":2,"column":2},"end":{"line":2,"column":3}},"loc":{"start":{"line":2,"column":95},"end":{"line":10,"column":3}},"line":2}},"branchMap":{},"s":{"0":7,"1":7,"2":7,"3":7,"4":7,"5":7,"6":7},"f":{"0":7},"b":{},"_coverageSchema":"1a1c01bbd47fc00a2c39e90264f33305004495a9","hash":"394f427f3b371f1e2aec90b0f52483eedd8fb87f"}
,"C:\\Users\\pietr\\tallerIng\\classes\\servicios.js": {"path":"C:\\Users\\pietr\\tallerIng\\classes\\servicios.js","statementMap":{"0":{"start":{"line":4,"column":6},"end":{"line":4,"column":43}},"1":{"start":{"line":5,"column":6},"end":{"line":5,"column":27}}},"fnMap":{"0":{"name":"(anonymous_0)","decl":{"start":{"line":3,"column":4},"end":{"line":3,"column":5}},"loc":{"start":{"line":3,"column":40},"end":{"line":6,"column":5}},"line":3}},"branchMap":{},"s":{"0":5,"1":5},"f":{"0":5},"b":{},"_coverageSchema":"1a1c01bbd47fc00a2c39e90264f33305004495a9","hash":"185d3eb05c9c0b3699217b450bdb7bd091dd8469"}
}
