TN:
SF:app.js
FN:30,(anonymous_0)
FN:35,loadSelects
FN:48,(anonymous_2)
FN:65,(anonymous_3)
FN:87,renderBookings
FN:100,(anonymous_5)
FN:105,(anonymous_6)
FN:153,reserva
FNF:8
FNH:7
FNDA:0,(anonymous_0)
FNDA:2,loadSelects
FNDA:10,(anonymous_2)
FNDA:12,(anonymous_3)
FNDA:3,renderBookings
FNDA:1,(anonymous_5)
FNDA:3,(anonymous_6)
FNDA:8,reserva
DA:6,1
DA:7,1
DA:10,1
DA:18,1
DA:28,1
DA:29,1
DA:30,0
DA:31,0
DA:36,2
DA:37,2
DA:39,2
DA:40,2
DA:41,2
DA:42,2
DA:43,2
DA:44,2
DA:45,2
DA:46,2
DA:48,2
DA:49,10
DA:50,10
DA:51,10
DA:52,10
DA:56,2
DA:57,2
DA:58,2
DA:59,2
DA:60,2
DA:61,2
DA:62,2
DA:63,2
DA:65,2
DA:66,12
DA:67,12
DA:68,12
DA:69,12
DA:74,1
DA:75,0
DA:81,1
DA:82,1
DA:83,0
DA:88,3
DA:89,3
DA:91,3
DA:93,3
DA:94,1
DA:95,1
DA:98,2
DA:101,1
DA:102,1
DA:103,1
DA:106,3
DA:107,3
DA:109,3
DA:110,3
DA:112,3
DA:113,3
DA:114,3
DA:116,3
DA:117,3
DA:118,3
DA:120,3
DA:121,3
DA:123,3
DA:124,3
DA:126,3
DA:127,3
DA:128,3
DA:130,3
DA:131,3
DA:132,3
DA:134,3
DA:135,3
DA:136,3
DA:138,3
DA:139,3
DA:140,3
DA:142,3
DA:143,3
DA:144,3
DA:145,3
DA:147,3
DA:148,3
DA:149,3
DA:154,8
DA:155,8
DA:156,8
DA:157,8
DA:158,8
DA:159,8
DA:160,8
DA:162,8
DA:163,2
DA:166,6
DA:167,6
DA:168,6
DA:169,6
DA:170,6
DA:171,6
DA:172,6
DA:173,6
LF:101
LH:97
BRDA:7,0,0,0
BRDA:7,0,1,1
BRDA:29,1,0,0
BRDA:29,1,1,1
BRDA:39,2,0,2
BRDA:39,2,1,0
BRDA:56,3,0,2
BRDA:56,3,1,0
BRDA:74,4,0,0
BRDA:74,4,1,1
BRDA:74,5,0,1
BRDA:74,5,1,0
BRDA:82,6,0,0
BRDA:82,6,1,1
BRDA:89,7,0,0
BRDA:89,7,1,3
BRDA:93,8,0,1
BRDA:93,8,1,2
BRDA:162,9,0,2
BRDA:162,9,1,6
BRDA:162,10,0,8
BRDA:162,10,1,7
BRDA:162,10,2,7
BRDA:162,10,3,7
BRDA:162,10,4,7
BRDA:162,10,5,7
BRDA:162,10,6,6
BRF:27
BRH:19
end_of_record
TN:
SF:classes\barbero.js
FN:2,(anonymous_0)
FNF:1
FNH:1
FNDA:6,(anonymous_0)
DA:3,6
DA:4,6
DA:5,6
LF:3
LH:3
BRF:0
BRH:0
end_of_record
TN:
SF:classes\reserva.js
FN:2,(anonymous_0)
FNF:1
FNH:1
FNDA:7,(anonymous_0)
DA:3,7
DA:4,7
DA:5,7
DA:6,7
DA:7,7
DA:8,7
DA:9,7
LF:7
LH:7
BRF:0
BRH:0
end_of_record
TN:
SF:classes\servicios.js
FN:3,(anonymous_0)
FNF:1
FNH:1
FNDA:5,(anonymous_0)
DA:4,5
DA:5,5
LF:2
LH:2
BRF:0
BRH:0
end_of_record
